time="2021-10-25 12:35:26" level=error msg="runtime error: invalid memory address or nil pointer dereference"
time="2021-10-25 12:35:34" level=error msg="runtime error: invalid memory address or nil pointer dereference"
time="2021-10-25T12:35:34+08:00" level=error msg="runtime error: invalid memory address or nil pointer dereference"
time="2021-10-25 12:44:52" level=error msg="runtime error: invalid memory address or nil pointer dereference"
time="2021-10-25T12:44:52+08:00" level=error msg="runtime error: invalid memory address or nil pointer dereference"
time="2021-10-25 12:45:00" level=error msg="runtime error: invalid memory address or nil pointer dereference"
time="2021-10-25T12:45:00+08:00" level=error msg="runtime error: invalid memory address or nil pointer dereference"
time="2021-10-25 12:45:57" level=error msg="runtime error: invalid memory address or nil pointer dereference"
time="2021-10-25T12:45:57+08:00" level=error msg="runtime error: invalid memory address or nil pointer dereference"
time="2021-10-25 12:47:15" level=error msg="reflect: call of reflect.Value.Type on zero Value"
time="2021-10-25T12:47:15+08:00" level=error msg="reflect: call of reflect.Value.Type on zero Value"
time="2021-10-25 12:47:48" level=error msg="runtime error: invalid memory address or nil pointer dereference"
time="2021-10-25T12:47:48+08:00" level=error msg="runtime error: invalid memory address or nil pointer dereference"
time="2021-10-25 12:48:23" level=error msg="reflect: call of reflect.Value.Type on zero Value"
time="2021-10-25T12:48:23+08:00" level=error msg="reflect: call of reflect.Value.Type on zero Value"
time="2021-10-25 12:48:27" level=error msg="reflect: call of reflect.Value.Type on zero Value"
time="2021-10-25T12:48:27+08:00" level=error msg="reflect: call of reflect.Value.Type on zero Value"
time="2021-10-25 12:52:18" level=error msg="runtime error: invalid memory address or nil pointer dereference"
time="2021-10-25T12:52:18+08:00" level=error msg="runtime error: invalid memory address or nil pointer dereference"
time="2021-10-25 12:52:18" level=error msg="reflect: call of reflect.Value.Type on zero Value"
time="2021-10-25T12:52:18+08:00" level=error msg="reflect: call of reflect.Value.Type on zero Value"
time="2021-10-25 12:52:26" level=error msg="reflect: call of reflect.Value.Type on zero Value"
time="2021-10-25T12:52:26+08:00" level=error msg="reflect: call of reflect.Value.Type on zero Value"
time="2021-10-25 12:54:53" level=error msg="runtime error: invalid memory address or nil pointer dereference"
time="2021-10-25T12:54:53+08:00" level=error msg="runtime error: invalid memory address or nil pointer dereference"
time="2021-10-25 12:54:57" level=error msg="runtime error: invalid memory address or nil pointer dereference"
time="2021-10-25T12:54:57+08:00" level=error msg="runtime error: invalid memory address or nil pointer dereference"
time="2021-10-25 13:10:54" level=error msg="runtime error: invalid memory address or nil pointer dereference"
time="2021-10-25T13:10:54+08:00" level=error msg="runtime error: invalid memory address or nil pointer dereference"
time="2021-10-27T10:02:06+08:00" level=error msg="assignment to entry in nil map"
